[2020-01-11 15:11:35] : Completando instalacion : [ERROR]
[2020-01-11 15:13:33] : Completando instalacion : [OK]
[2020-01-11 15:15:42] : Completando instalacion : [ERROR]
[2020-01-11 15:15:43] : Completando instalacion : [OK]
[2020-01-11 15:18:23] : Completando instalacion : [ERROR]
[2020-01-11 15:18:24] : Completando instalacion : [OK]
[2020-01-11 15:20:01] : Completando instalacion : [ERROR]
[2020-01-11 15:20:02] : Completando instalacion : [OK]
[2020-01-11 15:21:19] : Completando instalacion : [ERROR]
[2020-01-11 15:21:20] : Completando instalacion : [OK]
[2020-01-11 15:24:53] : Completando instalacion : [ERROR]
[2020-01-11 15:24:54] : Completando instalacion : [OK]
[2020-01-11 15:25:23] : Completando instalacion : [ERROR]
[2020-01-11 15:25:23] : Completando instalacion : [OK]
[2020-01-11 15:26:51] : Completando instalacion : [ERROR]
[2020-01-11 15:26:57] : Completando instalacion : [ERROR]
[2020-01-11 15:36:41] : Completando instalacion : [ERROR]
[2020-01-11 15:36:46] : Completando instalacion : [ERROR]
[2020-01-11 15:38:12] : Completando instalacion : [ERROR]
[2020-01-11 15:38:13] : Completando instalacion : [ERROR]
[2020-01-11 15:55:53] : Upgrade de paquetes : [ERROR]
[2020-01-11 15:55:54] : Instalacion de utilerias : [ERROR]
[2020-01-11 15:55:55] : Instalacion de extensiones : [ERROR]
[2020-01-11 15:56:01] : Instalacion de Apache : [OK]
[2020-01-27 13:39:02] : Upgrade de paquetes : [OK]
[2020-01-27 13:39:07] : Instalacion de extensiones : [OK]
[2020-01-27 13:39:25] : Instalacion de Apache: apt -y install apache2 : [OK]
[2020-01-27 13:39:31] : Instalacion de ModSecurity: apt-get -y install libapache2-mod-security2 : [OK]
[2020-01-27 13:39:32] : Habilitando ModSecurity: apt-get -y install libapache2-mod-security2 : [OK]
[2020-01-27 13:39:32] : Habilitando ModSecurity: a2enmod security2 : [ERROR]
[2020-01-27 13:55:12] : Instalacion de MySQL: apt install mariadb-server -y : [OK]
[2020-01-27 13:56:15] : Instalacion de MySQL: apt install mariadb-server -y : [OK]
[2020-01-27 13:56:46] : Instalacion de MySQL: mysql_secure_installation : [OK]
[2020-01-27 13:56:56] : Creación del usuario 'moodleadmin' en MySQL, servidor 'localhost' : [OK]
[2020-01-27 13:56:56] : Permisos otorgador al usuario 'moodleadmin' en MySQL, servidor 'localhost' : [OK]
[2020-01-27 13:56:56] : Creación de la base de datos 'moodledb' en MySQL, servidor 'localhost' : [OK]
[2020-01-27 13:56:56] : Privilegios otorgados al usuario 'moodleadmin' en MySQL, servidor 'localhost' : [OK]
